<?xml version="1.0" encoding="UTF-8"?>
<testsuite xmlns:xsi="http://www.w3.org/2001/XMLSchema-instance" xsi:schemaLocation="https://maven.apache.org/surefire/maven-surefire-plugin/xsd/surefire-test-report.xsd" name="tn.esprit.rh.achat.ReglementServiceImpTest" time="0.123" tests="4" errors="0" skipped="0" failures="0">
  <properties>
[...]
</properties>
  <testcase name="retrieveAllReglementTest" classname="tn.esprit.rh.achat.ReglementServiceImpTest" time="0.096"/>
  <testcase name="addReglement" classname="tn.esprit.rh.achat.ReglementServiceImpTest" time="0.004"/>
  <testcase name="retrieveReglementTest" classname="tn.esprit.rh.achat.ReglementServiceImpTest" time="0.003"/>
  <testcase name="retrieveReglementByFactureTest" classname="tn.esprit.rh.achat.ReglementServiceImpTest" time="0.002"/>
</testsuite>